[TreeAssistProvider] 2025-10-29T23:23:04.625376 Plugin TreeAssistProvider threw while analyzing /Users/paulwu/Documents/Github/easylive1989.github.io/lib/main.dart:
[TreeAssistProvider] 2025-10-29T23:23:04.625376 InconsistentAnalysisException: Requested result might be inconsistent with previously returned results
[TreeAssistProvider] 2025-10-29T23:23:04.625376
[TreeAssistProvider] 2025-10-29T23:23:04.625376 #0      AnalysisSessionImpl.checkConsistency (package:analyzer/src/dart/analysis/session.dart:58:7)
[TreeAssistProvider] 2025-10-29T23:23:04.625376 #1      AnalysisSessionImpl.getResolvedUnit (package:analyzer/src/dart/analysis/session.dart:162:5)
[TreeAssistProvider] 2025-10-29T23:23:04.625376 #2      ChangeBuilderImpl._createDartFileEditBuilder (package:analyzer_plugin/src/utilities/change_builder/change_builder_core.dart:430:33)
[TreeAssistProvider] 2025-10-29T23:23:04.625376 #3      ChangeBuilderImpl.addDartFileEdit (package:analyzer_plugin/src/utilities/change_builder/change_builder_core.dart:162:23)
[TreeAssistProvider] 2025-10-29T23:23:04.625376 #4      ChangeBuilderImpl.addDartFileEdit.<anonymous closure> (package:custom_lint_core/src/change_reporter.dart:242:35)
[TreeAssistProvider] 2025-10-29T23:23:04.625376 #5      new Future.<anonymous closure> (dart:async/future.dart:260:40)
[TreeAssistProvider] 2025-10-29T23:23:04.625376 #6      _rootRun (dart:async/zone.dart:1517:47)
[TreeAssistProvider] 2025-10-29T23:23:04.625376 #7      _CustomZone.run (dart:async/zone.dart:1422:19)
[TreeAssistProvider] 2025-10-29T23:23:04.625376 #8      _CustomZone.runGuarded (dart:async/zone.dart:1321:7)
[TreeAssistProvider] 2025-10-29T23:23:04.625376 #9      _CustomZone.bindCallbackGuarded.<anonymous closure> (dart:async/zone.dart:1362:23)
[TreeAssistProvider] 2025-10-29T23:23:04.625376 #10     _rootRun (dart:async/zone.dart:1525:13)
[TreeAssistProvider] 2025-10-29T23:23:04.625376 #11     _CustomZone.run (dart:async/zone.dart:1422:19)
[TreeAssistProvider] 2025-10-29T23:23:04.625376 #12     _CustomZone.bindCallback.<anonymous closure> (dart:async/zone.dart:1345:23)
[TreeAssistProvider] 2025-10-29T23:23:04.625376 #13     Timer._createTimer.<anonymous closure> (dart:async-patch/timer_patch.dart:18:15)
[TreeAssistProvider] 2025-10-29T23:23:04.625376 #14     _Timer._runTimers (dart:isolate-patch/timer_impl.dart:423:19)
[TreeAssistProvider] 2025-10-29T23:23:04.625376 #15     _Timer._handleMessage (dart:isolate-patch/timer_impl.dart:454:5)
[TreeAssistProvider] 2025-10-29T23:23:04.625376 #16     _RawReceivePort._handleMessage (dart:isolate-patch/isolate_patch.dart:193:12)
[TreeAssistProvider] 2025-10-29T23:23:04.625376
[TreeAssistProvider] 2025-10-29T23:23:04.626370 Plugin TreeAssistProvider threw while analyzing /Users/paulwu/Documents/Github/easylive1989.github.io/lib/main.dart:
[TreeAssistProvider] 2025-10-29T23:23:04.626370 InconsistentAnalysisException: Requested result might be inconsistent with previously returned results
[TreeAssistProvider] 2025-10-29T23:23:04.626370
[TreeAssistProvider] 2025-10-29T23:23:04.626370 #0      AnalysisSessionImpl.checkConsistency (package:analyzer/src/dart/analysis/session.dart:58:7)
[TreeAssistProvider] 2025-10-29T23:23:04.626370 #1      AnalysisSessionImpl.getResolvedUnit (package:analyzer/src/dart/analysis/session.dart:162:5)
[TreeAssistProvider] 2025-10-29T23:23:04.626370 #2      ChangeBuilderImpl._createDartFileEditBuilder (package:analyzer_plugin/src/utilities/change_builder/change_builder_core.dart:430:33)
[TreeAssistProvider] 2025-10-29T23:23:04.626370 #3      ChangeBuilderImpl.addDartFileEdit (package:analyzer_plugin/src/utilities/change_builder/change_builder_core.dart:162:23)
[TreeAssistProvider] 2025-10-29T23:23:04.626370 #4      ChangeBuilderImpl.addDartFileEdit.<anonymous closure> (package:custom_lint_core/src/change_reporter.dart:242:35)
[TreeAssistProvider] 2025-10-29T23:23:04.626370 #5      new Future.<anonymous closure> (dart:async/future.dart:260:40)
[TreeAssistProvider] 2025-10-29T23:23:04.626370 #6      _rootRun (dart:async/zone.dart:1517:47)
[TreeAssistProvider] 2025-10-29T23:23:04.626370 #7      _CustomZone.run (dart:async/zone.dart:1422:19)
[TreeAssistProvider] 2025-10-29T23:23:04.626370 #8      _CustomZone.runGuarded (dart:async/zone.dart:1321:7)
[TreeAssistProvider] 2025-10-29T23:23:04.626370 #9      _CustomZone.bindCallbackGuarded.<anonymous closure> (dart:async/zone.dart:1362:23)
[TreeAssistProvider] 2025-10-29T23:23:04.626370 #10     _rootRun (dart:async/zone.dart:1525:13)
[TreeAssistProvider] 2025-10-29T23:23:04.626370 #11     _CustomZone.run (dart:async/zone.dart:1422:19)
[TreeAssistProvider] 2025-10-29T23:23:04.626370 #12     _CustomZone.bindCallback.<anonymous closure> (dart:async/zone.dart:1345:23)
[TreeAssistProvider] 2025-10-29T23:23:04.626370 #13     Timer._createTimer.<anonymous closure> (dart:async-patch/timer_patch.dart:18:15)
[TreeAssistProvider] 2025-10-29T23:23:04.626370 #14     _Timer._runTimers (dart:isolate-patch/timer_impl.dart:423:19)
[TreeAssistProvider] 2025-10-29T23:23:04.626370 #15     _Timer._handleMessage (dart:isolate-patch/timer_impl.dart:454:5)
[TreeAssistProvider] 2025-10-29T23:23:04.626370 #16     _RawReceivePort._handleMessage (dart:isolate-patch/isolate_patch.dart:193:12)
[TreeAssistProvider] 2025-10-29T23:23:04.626370
[TreeAssistProvider] 2025-10-29T23:23:04.626486 Plugin TreeAssistProvider threw while analyzing /Users/paulwu/Documents/Github/easylive1989.github.io/lib/main.dart:
[TreeAssistProvider] 2025-10-29T23:23:04.626486 InconsistentAnalysisException: Requested result might be inconsistent with previously returned results
[TreeAssistProvider] 2025-10-29T23:23:04.626486
[TreeAssistProvider] 2025-10-29T23:23:04.626486 #0      AnalysisSessionImpl.checkConsistency (package:analyzer/src/dart/analysis/session.dart:58:7)
[TreeAssistProvider] 2025-10-29T23:23:04.626486 #1      AnalysisSessionImpl.getResolvedUnit (package:analyzer/src/dart/analysis/session.dart:162:5)
[TreeAssistProvider] 2025-10-29T23:23:04.626486 #2      ChangeBuilderImpl._createDartFileEditBuilder (package:analyzer_plugin/src/utilities/change_builder/change_builder_core.dart:430:33)
[TreeAssistProvider] 2025-10-29T23:23:04.626486 #3      ChangeBuilderImpl.addDartFileEdit (package:analyzer_plugin/src/utilities/change_builder/change_builder_core.dart:162:23)
[TreeAssistProvider] 2025-10-29T23:23:04.626486 #4      ChangeBuilderImpl.addDartFileEdit.<anonymous closure> (package:custom_lint_core/src/change_reporter.dart:242:35)
[TreeAssistProvider] 2025-10-29T23:23:04.626486 #5      new Future.<anonymous closure> (dart:async/future.dart:260:40)
[TreeAssistProvider] 2025-10-29T23:23:04.626486 #6      _rootRun (dart:async/zone.dart:1517:47)
[TreeAssistProvider] 2025-10-29T23:23:04.626486 #7      _CustomZone.run (dart:async/zone.dart:1422:19)
[TreeAssistProvider] 2025-10-29T23:23:04.626486 #8      _CustomZone.runGuarded (dart:async/zone.dart:1321:7)
[TreeAssistProvider] 2025-10-29T23:23:04.626486 #9      _CustomZone.bindCallbackGuarded.<anonymous closure> (dart:async/zone.dart:1362:23)
[TreeAssistProvider] 2025-10-29T23:23:04.626486 #10     _rootRun (dart:async/zone.dart:1525:13)
[TreeAssistProvider] 2025-10-29T23:23:04.626486 #11     _CustomZone.run (dart:async/zone.dart:1422:19)
[TreeAssistProvider] 2025-10-29T23:23:04.626486 #12     _CustomZone.bindCallback.<anonymous closure> (dart:async/zone.dart:1345:23)
[TreeAssistProvider] 2025-10-29T23:23:04.626486 #13     Timer._createTimer.<anonymous closure> (dart:async-patch/timer_patch.dart:18:15)
[TreeAssistProvider] 2025-10-29T23:23:04.626486 #14     _Timer._runTimers (dart:isolate-patch/timer_impl.dart:423:19)
[TreeAssistProvider] 2025-10-29T23:23:04.626486 #15     _Timer._handleMessage (dart:isolate-patch/timer_impl.dart:454:5)
[TreeAssistProvider] 2025-10-29T23:23:04.626486 #16     _RawReceivePort._handleMessage (dart:isolate-patch/isolate_patch.dart:193:12)
[TreeAssistProvider] 2025-10-29T23:23:04.626486
[TreeAssistProvider] 2025-10-29T23:23:04.626541 Plugin TreeAssistProvider threw while analyzing /Users/paulwu/Documents/Github/easylive1989.github.io/lib/main.dart:
[TreeAssistProvider] 2025-10-29T23:23:04.626541 InconsistentAnalysisException: Requested result might be inconsistent with previously returned results
[TreeAssistProvider] 2025-10-29T23:23:04.626541
[TreeAssistProvider] 2025-10-29T23:23:04.626541 #0      AnalysisSessionImpl.checkConsistency (package:analyzer/src/dart/analysis/session.dart:58:7)
[TreeAssistProvider] 2025-10-29T23:23:04.626541 #1      AnalysisSessionImpl.getResolvedUnit (package:analyzer/src/dart/analysis/session.dart:162:5)
[TreeAssistProvider] 2025-10-29T23:23:04.626541 #2      ChangeBuilderImpl._createDartFileEditBuilder (package:analyzer_plugin/src/utilities/change_builder/change_builder_core.dart:430:33)
[TreeAssistProvider] 2025-10-29T23:23:04.626541 #3      ChangeBuilderImpl.addDartFileEdit (package:analyzer_plugin/src/utilities/change_builder/change_builder_core.dart:162:23)
[TreeAssistProvider] 2025-10-29T23:23:04.626541 #4      ChangeBuilderImpl.addDartFileEdit.<anonymous closure> (package:custom_lint_core/src/change_reporter.dart:242:35)
[TreeAssistProvider] 2025-10-29T23:23:04.626541 #5      new Future.<anonymous closure> (dart:async/future.dart:260:40)
[TreeAssistProvider] 2025-10-29T23:23:04.626541 #6      _rootRun (dart:async/zone.dart:1517:47)
[TreeAssistProvider] 2025-10-29T23:23:04.626541 #7      _CustomZone.run (dart:async/zone.dart:1422:19)
[TreeAssistProvider] 2025-10-29T23:23:04.626541 #8      _CustomZone.runGuarded (dart:async/zone.dart:1321:7)
[TreeAssistProvider] 2025-10-29T23:23:04.626541 #9      _CustomZone.bindCallbackGuarded.<anonymous closure> (dart:async/zone.dart:1362:23)
[TreeAssistProvider] 2025-10-29T23:23:04.626541 #10     _rootRun (dart:async/zone.dart:1525:13)
[TreeAssistProvider] 2025-10-29T23:23:04.626541 #11     _CustomZone.run (dart:async/zone.dart:1422:19)
[TreeAssistProvider] 2025-10-29T23:23:04.626541 #12     _CustomZone.bindCallback.<anonymous closure> (dart:async/zone.dart:1345:23)
[TreeAssistProvider] 2025-10-29T23:23:04.626541 #13     Timer._createTimer.<anonymous closure> (dart:async-patch/timer_patch.dart:18:15)
[TreeAssistProvider] 2025-10-29T23:23:04.626541 #14     _Timer._runTimers (dart:isolate-patch/timer_impl.dart:423:19)
[TreeAssistProvider] 2025-10-29T23:23:04.626541 #15     _Timer._handleMessage (dart:isolate-patch/timer_impl.dart:454:5)
[TreeAssistProvider] 2025-10-29T23:23:04.626541 #16     _RawReceivePort._handleMessage (dart:isolate-patch/isolate_patch.dart:193:12)
[TreeAssistProvider] 2025-10-29T23:23:04.626541
[TreeAssistProvider] 2025-10-29T23:23:04.626616 Plugin TreeAssistProvider threw while analyzing /Users/paulwu/Documents/Github/easylive1989.github.io/lib/main.dart:
[TreeAssistProvider] 2025-10-29T23:23:04.626616 InconsistentAnalysisException: Requested result might be inconsistent with previously returned results
[TreeAssistProvider] 2025-10-29T23:23:04.626616
[TreeAssistProvider] 2025-10-29T23:23:04.626616 #0      AnalysisSessionImpl.checkConsistency (package:analyzer/src/dart/analysis/session.dart:58:7)
[TreeAssistProvider] 2025-10-29T23:23:04.626616 #1      AnalysisSessionImpl.getResolvedUnit (package:analyzer/src/dart/analysis/session.dart:162:5)
[TreeAssistProvider] 2025-10-29T23:23:04.626616 #2      ChangeBuilderImpl._createDartFileEditBuilder (package:analyzer_plugin/src/utilities/change_builder/change_builder_core.dart:430:33)
[TreeAssistProvider] 2025-10-29T23:23:04.626616 #3      ChangeBuilderImpl.addDartFileEdit (package:analyzer_plugin/src/utilities/change_builder/change_builder_core.dart:162:23)
[TreeAssistProvider] 2025-10-29T23:23:04.626616 #4      ChangeBuilderImpl.addDartFileEdit.<anonymous closure> (package:custom_lint_core/src/change_reporter.dart:242:35)
[TreeAssistProvider] 2025-10-29T23:23:04.626616 #5      new Future.<anonymous closure> (dart:async/future.dart:260:40)
[TreeAssistProvider] 2025-10-29T23:23:04.626616 #6      _rootRun (dart:async/zone.dart:1517:47)
[TreeAssistProvider] 2025-10-29T23:23:04.626616 #7      _CustomZone.run (dart:async/zone.dart:1422:19)
[TreeAssistProvider] 2025-10-29T23:23:04.626616 #8      _CustomZone.runGuarded (dart:async/zone.dart:1321:7)
[TreeAssistProvider] 2025-10-29T23:23:04.626616 #9      _CustomZone.bindCallbackGuarded.<anonymous closure> (dart:async/zone.dart:1362:23)
[TreeAssistProvider] 2025-10-29T23:23:04.626616 #10     _rootRun (dart:async/zone.dart:1525:13)
[TreeAssistProvider] 2025-10-29T23:23:04.626616 #11     _CustomZone.run (dart:async/zone.dart:1422:19)
[TreeAssistProvider] 2025-10-29T23:23:04.626616 #12     _CustomZone.bindCallback.<anonymous closure> (dart:async/zone.dart:1345:23)
[TreeAssistProvider] 2025-10-29T23:23:04.626616 #13     Timer._createTimer.<anonymous closure> (dart:async-patch/timer_patch.dart:18:15)
[TreeAssistProvider] 2025-10-29T23:23:04.626616 #14     _Timer._runTimers (dart:isolate-patch/timer_impl.dart:423:19)
[TreeAssistProvider] 2025-10-29T23:23:04.626616 #15     _Timer._handleMessage (dart:isolate-patch/timer_impl.dart:454:5)
[TreeAssistProvider] 2025-10-29T23:23:04.626616 #16     _RawReceivePort._handleMessage (dart:isolate-patch/isolate_patch.dart:193:12)
[TreeAssistProvider] 2025-10-29T23:23:04.626616
[TreeAssistProvider] 2025-10-29T23:23:04.626701 Plugin TreeAssistProvider threw while analyzing /Users/paulwu/Documents/Github/easylive1989.github.io/lib/main.dart:
[TreeAssistProvider] 2025-10-29T23:23:04.626701 InconsistentAnalysisException: Requested result might be inconsistent with previously returned results
[TreeAssistProvider] 2025-10-29T23:23:04.626701
[TreeAssistProvider] 2025-10-29T23:23:04.626701 #0      AnalysisSessionImpl.checkConsistency (package:analyzer/src/dart/analysis/session.dart:58:7)
[TreeAssistProvider] 2025-10-29T23:23:04.626701 #1      AnalysisSessionImpl.getResolvedUnit (package:analyzer/src/dart/analysis/session.dart:162:5)
[TreeAssistProvider] 2025-10-29T23:23:04.626701 #2      ChangeBuilderImpl._createDartFileEditBuilder (package:analyzer_plugin/src/utilities/change_builder/change_builder_core.dart:430:33)
[TreeAssistProvider] 2025-10-29T23:23:04.626701 #3      ChangeBuilderImpl.addDartFileEdit (package:analyzer_plugin/src/utilities/change_builder/change_builder_core.dart:162:23)
[TreeAssistProvider] 2025-10-29T23:23:04.626701 #4      ChangeBuilderImpl.addDartFileEdit.<anonymous closure> (package:custom_lint_core/src/change_reporter.dart:242:35)
[TreeAssistProvider] 2025-10-29T23:23:04.626701 #5      new Future.<anonymous closure> (dart:async/future.dart:260:40)
[TreeAssistProvider] 2025-10-29T23:23:04.626701 #6      _rootRun (dart:async/zone.dart:1517:47)
[TreeAssistProvider] 2025-10-29T23:23:04.626701 #7      _CustomZone.run (dart:async/zone.dart:1422:19)
[TreeAssistProvider] 2025-10-29T23:23:04.626701 #8      _CustomZone.runGuarded (dart:async/zone.dart:1321:7)
[TreeAssistProvider] 2025-10-29T23:23:04.626701 #9      _CustomZone.bindCallbackGuarded.<anonymous closure> (dart:async/zone.dart:1362:23)
[TreeAssistProvider] 2025-10-29T23:23:04.626701 #10     _rootRun (dart:async/zone.dart:1525:13)
[TreeAssistProvider] 2025-10-29T23:23:04.626701 #11     _CustomZone.run (dart:async/zone.dart:1422:19)
[TreeAssistProvider] 2025-10-29T23:23:04.626701 #12     _CustomZone.bindCallback.<anonymous closure> (dart:async/zone.dart:1345:23)
[TreeAssistProvider] 2025-10-29T23:23:04.626701 #13     Timer._createTimer.<anonymous closure> (dart:async-patch/timer_patch.dart:18:15)
[TreeAssistProvider] 2025-10-29T23:23:04.626701 #14     _Timer._runTimers (dart:isolate-patch/timer_impl.dart:423:19)
[TreeAssistProvider] 2025-10-29T23:23:04.626701 #15     _Timer._handleMessage (dart:isolate-patch/timer_impl.dart:454:5)
[TreeAssistProvider] 2025-10-29T23:23:04.626701 #16     _RawReceivePort._handleMessage (dart:isolate-patch/isolate_patch.dart:193:12)
[TreeAssistProvider] 2025-10-29T23:23:04.626701
[TreeAssistProvider] 2025-10-29T23:23:04.626757 Plugin TreeAssistProvider threw while analyzing /Users/paulwu/Documents/Github/easylive1989.github.io/lib/main.dart:
[TreeAssistProvider] 2025-10-29T23:23:04.626757 InconsistentAnalysisException: Requested result might be inconsistent with previously returned results
[TreeAssistProvider] 2025-10-29T23:23:04.626757
[TreeAssistProvider] 2025-10-29T23:23:04.626757 #0      AnalysisSessionImpl.checkConsistency (package:analyzer/src/dart/analysis/session.dart:58:7)
[TreeAssistProvider] 2025-10-29T23:23:04.626757 #1      AnalysisSessionImpl.getResolvedUnit (package:analyzer/src/dart/analysis/session.dart:162:5)
[TreeAssistProvider] 2025-10-29T23:23:04.626757 #2      ChangeBuilderImpl._createDartFileEditBuilder (package:analyzer_plugin/src/utilities/change_builder/change_builder_core.dart:430:33)
[TreeAssistProvider] 2025-10-29T23:23:04.626757 #3      ChangeBuilderImpl.addDartFileEdit (package:analyzer_plugin/src/utilities/change_builder/change_builder_core.dart:162:23)
[TreeAssistProvider] 2025-10-29T23:23:04.626757 #4      ChangeBuilderImpl.addDartFileEdit.<anonymous closure> (package:custom_lint_core/src/change_reporter.dart:242:35)
[TreeAssistProvider] 2025-10-29T23:23:04.626757 #5      new Future.<anonymous closure> (dart:async/future.dart:260:40)
[TreeAssistProvider] 2025-10-29T23:23:04.626757 #6      _rootRun (dart:async/zone.dart:1517:47)
[TreeAssistProvider] 2025-10-29T23:23:04.626757 #7      _CustomZone.run (dart:async/zone.dart:1422:19)
[TreeAssistProvider] 2025-10-29T23:23:04.626757 #8      _CustomZone.runGuarded (dart:async/zone.dart:1321:7)
[TreeAssistProvider] 2025-10-29T23:23:04.626757 #9      _CustomZone.bindCallbackGuarded.<anonymous closure> (dart:async/zone.dart:1362:23)
[TreeAssistProvider] 2025-10-29T23:23:04.626757 #10     _rootRun (dart:async/zone.dart:1525:13)
[TreeAssistProvider] 2025-10-29T23:23:04.626757 #11     _CustomZone.run (dart:async/zone.dart:1422:19)
[TreeAssistProvider] 2025-10-29T23:23:04.626757 #12     _CustomZone.bindCallback.<anonymous closure> (dart:async/zone.dart:1345:23)
[TreeAssistProvider] 2025-10-29T23:23:04.626757 #13     Timer._createTimer.<anonymous closure> (dart:async-patch/timer_patch.dart:18:15)
[TreeAssistProvider] 2025-10-29T23:23:04.626757 #14     _Timer._runTimers (dart:isolate-patch/timer_impl.dart:423:19)
[TreeAssistProvider] 2025-10-29T23:23:04.626757 #15     _Timer._handleMessage (dart:isolate-patch/timer_impl.dart:454:5)
[TreeAssistProvider] 2025-10-29T23:23:04.626757 #16     _RawReceivePort._handleMessage (dart:isolate-patch/isolate_patch.dart:193:12)
[TreeAssistProvider] 2025-10-29T23:23:04.626757
[TreeAssistProvider] 2025-10-29T23:23:04.626896 Plugin TreeAssistProvider threw while analyzing /Users/paulwu/Documents/Github/easylive1989.github.io/lib/main.dart:
[TreeAssistProvider] 2025-10-29T23:23:04.626896 InconsistentAnalysisException: Requested result might be inconsistent with previously returned results
[TreeAssistProvider] 2025-10-29T23:23:04.626896
[TreeAssistProvider] 2025-10-29T23:23:04.626896 #0      AnalysisSessionImpl.checkConsistency (package:analyzer/src/dart/analysis/session.dart:58:7)
[TreeAssistProvider] 2025-10-29T23:23:04.626896 #1      AnalysisSessionImpl.getResolvedUnit (package:analyzer/src/dart/analysis/session.dart:162:5)
[TreeAssistProvider] 2025-10-29T23:23:04.626896 #2      ChangeBuilderImpl._createDartFileEditBuilder (package:analyzer_plugin/src/utilities/change_builder/change_builder_core.dart:430:33)
[TreeAssistProvider] 2025-10-29T23:23:04.626896 #3      ChangeBuilderImpl.addDartFileEdit (package:analyzer_plugin/src/utilities/change_builder/change_builder_core.dart:162:23)
[TreeAssistProvider] 2025-10-29T23:23:04.626896 #4      ChangeBuilderImpl.addDartFileEdit.<anonymous closure> (package:custom_lint_core/src/change_reporter.dart:242:35)
[TreeAssistProvider] 2025-10-29T23:23:04.626896 #5      new Future.<anonymous closure> (dart:async/future.dart:260:40)
[TreeAssistProvider] 2025-10-29T23:23:04.626896 #6      _rootRun (dart:async/zone.dart:1517:47)
[TreeAssistProvider] 2025-10-29T23:23:04.626896 #7      _CustomZone.run (dart:async/zone.dart:1422:19)
[TreeAssistProvider] 2025-10-29T23:23:04.626896 #8      _CustomZone.runGuarded (dart:async/zone.dart:1321:7)
[TreeAssistProvider] 2025-10-29T23:23:04.626896 #9      _CustomZone.bindCallbackGuarded.<anonymous closure> (dart:async/zone.dart:1362:23)
[TreeAssistProvider] 2025-10-29T23:23:04.626896 #10     _rootRun (dart:async/zone.dart:1525:13)
[TreeAssistProvider] 2025-10-29T23:23:04.626896 #11     _CustomZone.run (dart:async/zone.dart:1422:19)
[TreeAssistProvider] 2025-10-29T23:23:04.626896 #12     _CustomZone.bindCallback.<anonymous closure> (dart:async/zone.dart:1345:23)
[TreeAssistProvider] 2025-10-29T23:23:04.626896 #13     Timer._createTimer.<anonymous closure> (dart:async-patch/timer_patch.dart:18:15)
[TreeAssistProvider] 2025-10-29T23:23:04.626896 #14     _Timer._runTimers (dart:isolate-patch/timer_impl.dart:423:19)
[TreeAssistProvider] 2025-10-29T23:23:04.626896 #15     _Timer._handleMessage (dart:isolate-patch/timer_impl.dart:454:5)
[TreeAssistProvider] 2025-10-29T23:23:04.626896 #16     _RawReceivePort._handleMessage (dart:isolate-patch/isolate_patch.dart:193:12)
[TreeAssistProvider] 2025-10-29T23:23:04.626896
[ImportAssistProvider] 2025-10-29T23:23:04.664444 Plugin ImportAssistProvider threw while analyzing /Users/paulwu/Documents/Github/easylive1989.github.io/lib/app.dart:
[ImportAssistProvider] 2025-10-29T23:23:04.664444 InconsistentAnalysisException: Requested result might be inconsistent with previously returned results
[ImportAssistProvider] 2025-10-29T23:23:04.664444
[ImportAssistProvider] 2025-10-29T23:23:04.664444 #0      AnalysisSessionImpl.checkConsistency (package:analyzer/src/dart/analysis/session.dart:58:7)
[ImportAssistProvider] 2025-10-29T23:23:04.664444 #1      AnalysisSessionImpl.getResolvedUnit (package:analyzer/src/dart/analysis/session.dart:162:5)
[ImportAssistProvider] 2025-10-29T23:23:04.664444 #2      ChangeBuilderImpl._createDartFileEditBuilder (package:analyzer_plugin/src/utilities/change_builder/change_builder_core.dart:430:33)
[ImportAssistProvider] 2025-10-29T23:23:04.664444 #3      ChangeBuilderImpl.addDartFileEdit (package:analyzer_plugin/src/utilities/change_builder/change_builder_core.dart:162:23)
[ImportAssistProvider] 2025-10-29T23:23:04.664444 #4      ChangeBuilderImpl.addDartFileEdit.<anonymous closure> (package:custom_lint_core/src/change_reporter.dart:242:35)
[ImportAssistProvider] 2025-10-29T23:23:04.664444 #5      new Future.<anonymous closure> (dart:async/future.dart:260:40)
[ImportAssistProvider] 2025-10-29T23:23:04.664444 #6      _rootRun (dart:async/zone.dart:1517:47)
[ImportAssistProvider] 2025-10-29T23:23:04.664444 #7      _CustomZone.run (dart:async/zone.dart:1422:19)
[ImportAssistProvider] 2025-10-29T23:23:04.664444 #8      _CustomZone.runGuarded (dart:async/zone.dart:1321:7)
[ImportAssistProvider] 2025-10-29T23:23:04.664444 #9      _CustomZone.bindCallbackGuarded.<anonymous closure> (dart:async/zone.dart:1362:23)
[ImportAssistProvider] 2025-10-29T23:23:04.664444 #10     _rootRun (dart:async/zone.dart:1525:13)
[ImportAssistProvider] 2025-10-29T23:23:04.664444 #11     _CustomZone.run (dart:async/zone.dart:1422:19)
[ImportAssistProvider] 2025-10-29T23:23:04.664444 #12     _CustomZone.bindCallback.<anonymous closure> (dart:async/zone.dart:1345:23)
[ImportAssistProvider] 2025-10-29T23:23:04.664444 #13     Timer._createTimer.<anonymous closure> (dart:async-patch/timer_patch.dart:18:15)
[ImportAssistProvider] 2025-10-29T23:23:04.664444 #14     _Timer._runTimers (dart:isolate-patch/timer_impl.dart:423:19)
[ImportAssistProvider] 2025-10-29T23:23:04.664444 #15     _Timer._handleMessage (dart:isolate-patch/timer_impl.dart:454:5)
[ImportAssistProvider] 2025-10-29T23:23:04.664444 #16     _RawReceivePort._handleMessage (dart:isolate-patch/isolate_patch.dart:193:12)
[ImportAssistProvider] 2025-10-29T23:23:04.664444
[ImportAssistProvider] 2025-10-29T23:23:04.664714 Plugin ImportAssistProvider threw while analyzing /Users/paulwu/Documents/Github/easylive1989.github.io/lib/app.dart:
[ImportAssistProvider] 2025-10-29T23:23:04.664714 InconsistentAnalysisException: Requested result might be inconsistent with previously returned results
[ImportAssistProvider] 2025-10-29T23:23:04.664714
[ImportAssistProvider] 2025-10-29T23:23:04.664714 #0      AnalysisSessionImpl.checkConsistency (package:analyzer/src/dart/analysis/session.dart:58:7)
[ImportAssistProvider] 2025-10-29T23:23:04.664714 #1      AnalysisSessionImpl.getResolvedUnit (package:analyzer/src/dart/analysis/session.dart:162:5)
[ImportAssistProvider] 2025-10-29T23:23:04.664714 #2      ChangeBuilderImpl._createDartFileEditBuilder (package:analyzer_plugin/src/utilities/change_builder/change_builder_core.dart:430:33)
[ImportAssistProvider] 2025-10-29T23:23:04.664714 #3      ChangeBuilderImpl.addDartFileEdit (package:analyzer_plugin/src/utilities/change_builder/change_builder_core.dart:162:23)
[ImportAssistProvider] 2025-10-29T23:23:04.664714 #4      ChangeBuilderImpl.addDartFileEdit.<anonymous closure> (package:custom_lint_core/src/change_reporter.dart:242:35)
[ImportAssistProvider] 2025-10-29T23:23:04.664714 #5      new Future.<anonymous closure> (dart:async/future.dart:260:40)
[ImportAssistProvider] 2025-10-29T23:23:04.664714 #6      _rootRun (dart:async/zone.dart:1517:47)
[ImportAssistProvider] 2025-10-29T23:23:04.664714 #7      _CustomZone.run (dart:async/zone.dart:1422:19)
[ImportAssistProvider] 2025-10-29T23:23:04.664714 #8      _CustomZone.runGuarded (dart:async/zone.dart:1321:7)
[ImportAssistProvider] 2025-10-29T23:23:04.664714 #9      _CustomZone.bindCallbackGuarded.<anonymous closure> (dart:async/zone.dart:1362:23)
[ImportAssistProvider] 2025-10-29T23:23:04.664714 #10     _rootRun (dart:async/zone.dart:1525:13)
[ImportAssistProvider] 2025-10-29T23:23:04.664714 #11     _CustomZone.run (dart:async/zone.dart:1422:19)
[ImportAssistProvider] 2025-10-29T23:23:04.664714 #12     _CustomZone.bindCallback.<anonymous closure> (dart:async/zone.dart:1345:23)
[ImportAssistProvider] 2025-10-29T23:23:04.664714 #13     Timer._createTimer.<anonymous closure> (dart:async-patch/timer_patch.dart:18:15)
[ImportAssistProvider] 2025-10-29T23:23:04.664714 #14     _Timer._runTimers (dart:isolate-patch/timer_impl.dart:423:19)
[ImportAssistProvider] 2025-10-29T23:23:04.664714 #15     _Timer._handleMessage (dart:isolate-patch/timer_impl.dart:454:5)
[ImportAssistProvider] 2025-10-29T23:23:04.664714 #16     _RawReceivePort._handleMessage (dart:isolate-patch/isolate_patch.dart:193:12)
[ImportAssistProvider] 2025-10-29T23:23:04.664714
